<?xml version="1.0" encoding="utf-8"?><testsuites><testsuite name="pytest" errors="0" failures="0" skipped="0" tests="3" time="0.320" timestamp="2025-05-30T17:34:39.656599+02:00" hostname="IPA-WN-023IT309"><testcase classname="tests.unit.test_dummy" name="test_generate_synthetic_data" time="0.005" /><testcase classname="tests.unit.test_dummy" name="test_normalize_features" time="0.003" /><testcase classname="tests.unit.test_dummy" name="test_apply_joke_labeling" time="0.004" /></testsuite></testsuites>